[GIN-debug] [WARNING] Creating an Engine instance with the Logger and Recovery middleware already attached.

[GIN-debug] [WARNING] Running in "debug" mode. Switch to "release" mode in production.
 - using env:	export GIN_MODE=release
 - using code:	gin.SetMode(gin.ReleaseMode)

[GIN-debug] GET    /health                   --> main.main.func1 (4 handlers)
[GIN-debug] POST   /api/verify               --> github.com/cyrup/backend/api/handlers.(*LeanHandler).VerifyProof-fm (4 handlers)
[GIN-debug] GET    /api/status/:id           --> github.com/cyrup/backend/api/handlers.(*LeanHandler).GetStatus-fm (4 handlers)
[GIN-debug] GET    /api/result/:id           --> github.com/cyrup/backend/api/handlers.(*LeanHandler).GetResult-fm (4 handlers)
2025/08/16 18:09:21 Server starting on port 8080
[GIN-debug] [WARNING] You trusted all proxies, this is NOT safe. We recommend you to set a value.
Please check https://pkg.go.dev/github.com/gin-gonic/gin#readme-don-t-trust-all-proxies for details.
[GIN-debug] Listening and serving HTTP on :8080
[GIN] 2025/08/16 - 18:11:30 | 202 |     1.25825ms |             ::1 | POST     "/api/verify"
[GIN] 2025/08/16 - 18:11:44 | 200 |      77.334µs |             ::1 | GET      "/api/result/7d073bb8-79fc-4fdb-8b77-b283d59bf634"
[GIN] 2025/08/16 - 18:12:28 | 200 |          47µs |             ::1 | GET      "/api/result/7d073bb8-79fc-4fdb-8b77-b283d59bf634"
[GIN] 2025/08/16 - 18:17:03 | 200 |     165.417µs |             ::1 | GET      "/health"
[GIN] 2025/08/16 - 18:17:03 | 202 |     186.792µs |             ::1 | POST     "/api/verify"
[GIN] 2025/08/16 - 18:17:05 | 200 |       37.75µs |             ::1 | GET      "/api/result/115f2c84-b282-4e81-a92d-602f912c6b4f"
[GIN] 2025/08/16 - 18:17:07 | 200 |      33.375µs |             ::1 | GET      "/api/result/115f2c84-b282-4e81-a92d-602f912c6b4f"
[GIN] 2025/08/16 - 18:17:09 | 200 |      42.083µs |             ::1 | GET      "/api/result/115f2c84-b282-4e81-a92d-602f912c6b4f"
[GIN] 2025/08/16 - 18:17:11 | 200 |      26.167µs |             ::1 | GET      "/api/result/115f2c84-b282-4e81-a92d-602f912c6b4f"
[GIN] 2025/08/16 - 18:17:13 | 200 |          26µs |             ::1 | GET      "/api/result/115f2c84-b282-4e81-a92d-602f912c6b4f"
[GIN] 2025/08/16 - 18:17:15 | 200 |      27.417µs |             ::1 | GET      "/api/result/115f2c84-b282-4e81-a92d-602f912c6b4f"
[GIN] 2025/08/16 - 18:17:17 | 200 |      27.834µs |             ::1 | GET      "/api/result/115f2c84-b282-4e81-a92d-602f912c6b4f"
[GIN] 2025/08/16 - 18:17:19 | 200 |      28.458µs |             ::1 | GET      "/api/result/115f2c84-b282-4e81-a92d-602f912c6b4f"
[GIN] 2025/08/16 - 18:17:21 | 200 |      25.458µs |             ::1 | GET      "/api/result/115f2c84-b282-4e81-a92d-602f912c6b4f"
[GIN] 2025/08/16 - 18:17:23 | 200 |      54.375µs |             ::1 | GET      "/api/result/115f2c84-b282-4e81-a92d-602f912c6b4f"
[GIN] 2025/08/16 - 18:17:25 | 200 |      55.292µs |             ::1 | GET      "/api/result/115f2c84-b282-4e81-a92d-602f912c6b4f"
[GIN] 2025/08/16 - 18:17:27 | 200 |      52.834µs |             ::1 | GET      "/api/result/115f2c84-b282-4e81-a92d-602f912c6b4f"
[GIN] 2025/08/16 - 18:17:29 | 200 |      22.708µs |             ::1 | GET      "/api/result/115f2c84-b282-4e81-a92d-602f912c6b4f"
[GIN] 2025/08/16 - 18:17:31 | 200 |      24.916µs |             ::1 | GET      "/api/result/115f2c84-b282-4e81-a92d-602f912c6b4f"
[GIN] 2025/08/16 - 18:17:33 | 200 |      29.125µs |             ::1 | GET      "/api/result/115f2c84-b282-4e81-a92d-602f912c6b4f"
[GIN] 2025/08/16 - 18:18:11 | 202 |      60.542µs |             ::1 | POST     "/api/verify"
[GIN] 2025/08/16 - 18:18:12 | 200 |      57.625µs |             ::1 | GET      "/api/result/1127b8d6-0099-4a29-9d48-3fe0c03ee58f"
[GIN] 2025/08/16 - 18:18:13 | 200 |          24µs |             ::1 | GET      "/api/result/1127b8d6-0099-4a29-9d48-3fe0c03ee58f"
[GIN] 2025/08/16 - 18:18:14 | 200 |       38.75µs |             ::1 | GET      "/api/result/1127b8d6-0099-4a29-9d48-3fe0c03ee58f"
[GIN] 2025/08/16 - 18:18:15 | 200 |      23.625µs |             ::1 | GET      "/api/result/1127b8d6-0099-4a29-9d48-3fe0c03ee58f"
[GIN] 2025/08/16 - 18:18:16 | 200 |      23.958µs |             ::1 | GET      "/api/result/1127b8d6-0099-4a29-9d48-3fe0c03ee58f"
[GIN] 2025/08/16 - 18:18:17 | 200 |      22.583µs |             ::1 | GET      "/api/result/1127b8d6-0099-4a29-9d48-3fe0c03ee58f"
[GIN] 2025/08/16 - 18:18:18 | 200 |      23.541µs |             ::1 | GET      "/api/result/1127b8d6-0099-4a29-9d48-3fe0c03ee58f"
[GIN] 2025/08/16 - 18:18:19 | 200 |      51.291µs |             ::1 | GET      "/api/result/1127b8d6-0099-4a29-9d48-3fe0c03ee58f"
[GIN] 2025/08/16 - 18:18:20 | 200 |      25.834µs |             ::1 | GET      "/api/result/1127b8d6-0099-4a29-9d48-3fe0c03ee58f"
[GIN] 2025/08/16 - 18:18:21 | 200 |      25.584µs |             ::1 | GET      "/api/result/1127b8d6-0099-4a29-9d48-3fe0c03ee58f"
[GIN] 2025/08/16 - 18:18:22 | 200 |      23.875µs |             ::1 | GET      "/api/result/1127b8d6-0099-4a29-9d48-3fe0c03ee58f"
[GIN] 2025/08/16 - 18:18:23 | 200 |      54.167µs |             ::1 | GET      "/api/result/1127b8d6-0099-4a29-9d48-3fe0c03ee58f"
[GIN] 2025/08/16 - 18:18:24 | 200 |      52.417µs |             ::1 | GET      "/api/result/1127b8d6-0099-4a29-9d48-3fe0c03ee58f"
[GIN] 2025/08/16 - 18:18:25 | 200 |      42.166µs |             ::1 | GET      "/api/result/1127b8d6-0099-4a29-9d48-3fe0c03ee58f"
[GIN] 2025/08/16 - 18:18:26 | 200 |      29.791µs |             ::1 | GET      "/api/result/1127b8d6-0099-4a29-9d48-3fe0c03ee58f"
[GIN] 2025/08/16 - 18:18:27 | 200 |      24.333µs |             ::1 | GET      "/api/result/1127b8d6-0099-4a29-9d48-3fe0c03ee58f"
[GIN] 2025/08/16 - 18:18:28 | 200 |      24.666µs |             ::1 | GET      "/api/result/1127b8d6-0099-4a29-9d48-3fe0c03ee58f"
[GIN] 2025/08/16 - 18:18:29 | 200 |      27.208µs |             ::1 | GET      "/api/result/1127b8d6-0099-4a29-9d48-3fe0c03ee58f"
[GIN] 2025/08/16 - 18:18:30 | 200 |      37.917µs |             ::1 | GET      "/api/result/1127b8d6-0099-4a29-9d48-3fe0c03ee58f"
[GIN] 2025/08/16 - 18:18:31 | 200 |      25.667µs |             ::1 | GET      "/api/result/1127b8d6-0099-4a29-9d48-3fe0c03ee58f"
[GIN] 2025/08/16 - 18:18:32 | 200 |      28.875µs |             ::1 | GET      "/api/result/1127b8d6-0099-4a29-9d48-3fe0c03ee58f"
[GIN] 2025/08/16 - 18:18:33 | 200 |      24.375µs |             ::1 | GET      "/api/result/1127b8d6-0099-4a29-9d48-3fe0c03ee58f"
[GIN] 2025/08/16 - 18:18:34 | 200 |      27.417µs |             ::1 | GET      "/api/result/1127b8d6-0099-4a29-9d48-3fe0c03ee58f"
[GIN] 2025/08/16 - 18:18:35 | 200 |      26.125µs |             ::1 | GET      "/api/result/1127b8d6-0099-4a29-9d48-3fe0c03ee58f"
[GIN] 2025/08/16 - 18:18:36 | 200 |      37.125µs |             ::1 | GET      "/api/result/1127b8d6-0099-4a29-9d48-3fe0c03ee58f"
[GIN] 2025/08/16 - 18:18:37 | 200 |      33.542µs |             ::1 | GET      "/api/result/1127b8d6-0099-4a29-9d48-3fe0c03ee58f"
[GIN] 2025/08/16 - 18:18:38 | 200 |          43µs |             ::1 | GET      "/api/result/1127b8d6-0099-4a29-9d48-3fe0c03ee58f"
[GIN] 2025/08/16 - 18:18:39 | 200 |      41.792µs |             ::1 | GET      "/api/result/1127b8d6-0099-4a29-9d48-3fe0c03ee58f"
[GIN] 2025/08/16 - 18:18:40 | 200 |      52.792µs |             ::1 | GET      "/api/result/1127b8d6-0099-4a29-9d48-3fe0c03ee58f"
[GIN] 2025/08/16 - 18:18:41 | 200 |      44.875µs |             ::1 | GET      "/api/result/1127b8d6-0099-4a29-9d48-3fe0c03ee58f"
[GIN] 2025/08/16 - 18:18:41 | 202 |      54.041µs |             ::1 | POST     "/api/verify"
[GIN] 2025/08/16 - 18:18:42 | 200 |       67.25µs |             ::1 | GET      "/api/result/ec2d1989-c000-4b67-80b0-14bbd62c29da"
[GIN] 2025/08/16 - 18:18:43 | 200 |      30.917µs |             ::1 | GET      "/api/result/ec2d1989-c000-4b67-80b0-14bbd62c29da"
[GIN] 2025/08/16 - 18:18:44 | 200 |      25.625µs |             ::1 | GET      "/api/result/ec2d1989-c000-4b67-80b0-14bbd62c29da"
[GIN] 2025/08/16 - 18:18:45 | 200 |      27.292µs |             ::1 | GET      "/api/result/ec2d1989-c000-4b67-80b0-14bbd62c29da"
[GIN] 2025/08/16 - 18:18:46 | 200 |      25.916µs |             ::1 | GET      "/api/result/ec2d1989-c000-4b67-80b0-14bbd62c29da"
[GIN] 2025/08/16 - 18:18:47 | 200 |       33.25µs |             ::1 | GET      "/api/result/ec2d1989-c000-4b67-80b0-14bbd62c29da"
[GIN] 2025/08/16 - 18:18:48 | 200 |      56.833µs |             ::1 | GET      "/api/result/ec2d1989-c000-4b67-80b0-14bbd62c29da"
[GIN] 2025/08/16 - 18:18:49 | 200 |          30µs |             ::1 | GET      "/api/result/ec2d1989-c000-4b67-80b0-14bbd62c29da"
[GIN] 2025/08/16 - 18:18:50 | 200 |       24.75µs |             ::1 | GET      "/api/result/ec2d1989-c000-4b67-80b0-14bbd62c29da"
[GIN] 2025/08/16 - 18:18:51 | 200 |      22.875µs |             ::1 | GET      "/api/result/ec2d1989-c000-4b67-80b0-14bbd62c29da"
[GIN] 2025/08/16 - 18:18:52 | 200 |      29.167µs |             ::1 | GET      "/api/result/ec2d1989-c000-4b67-80b0-14bbd62c29da"
[GIN] 2025/08/16 - 18:18:53 | 200 |      52.875µs |             ::1 | GET      "/api/result/ec2d1989-c000-4b67-80b0-14bbd62c29da"
[GIN] 2025/08/16 - 18:18:54 | 200 |      24.291µs |             ::1 | GET      "/api/result/ec2d1989-c000-4b67-80b0-14bbd62c29da"
[GIN] 2025/08/16 - 18:18:55 | 200 |       41.25µs |             ::1 | GET      "/api/result/ec2d1989-c000-4b67-80b0-14bbd62c29da"
[GIN] 2025/08/16 - 18:18:56 | 200 |      22.667µs |             ::1 | GET      "/api/result/ec2d1989-c000-4b67-80b0-14bbd62c29da"
[GIN] 2025/08/16 - 18:18:58 | 200 |      24.958µs |             ::1 | GET      "/api/result/ec2d1989-c000-4b67-80b0-14bbd62c29da"
[GIN] 2025/08/16 - 18:18:59 | 200 |      25.708µs |             ::1 | GET      "/api/result/ec2d1989-c000-4b67-80b0-14bbd62c29da"
[GIN] 2025/08/16 - 18:19:00 | 200 |      40.833µs |             ::1 | GET      "/api/result/ec2d1989-c000-4b67-80b0-14bbd62c29da"
[GIN] 2025/08/16 - 18:19:01 | 200 |      27.958µs |             ::1 | GET      "/api/result/ec2d1989-c000-4b67-80b0-14bbd62c29da"
[GIN] 2025/08/16 - 18:19:02 | 200 |      26.208µs |             ::1 | GET      "/api/result/ec2d1989-c000-4b67-80b0-14bbd62c29da"
[GIN] 2025/08/16 - 18:19:03 | 200 |      31.958µs |             ::1 | GET      "/api/result/ec2d1989-c000-4b67-80b0-14bbd62c29da"
[GIN] 2025/08/16 - 18:19:04 | 200 |      51.583µs |             ::1 | GET      "/api/result/ec2d1989-c000-4b67-80b0-14bbd62c29da"
[GIN] 2025/08/16 - 18:19:05 | 200 |      31.292µs |             ::1 | GET      "/api/result/ec2d1989-c000-4b67-80b0-14bbd62c29da"
[GIN] 2025/08/16 - 18:19:06 | 200 |      59.875µs |             ::1 | GET      "/api/result/ec2d1989-c000-4b67-80b0-14bbd62c29da"
[GIN] 2025/08/16 - 18:19:07 | 200 |      27.292µs |             ::1 | GET      "/api/result/ec2d1989-c000-4b67-80b0-14bbd62c29da"
[GIN] 2025/08/16 - 18:19:08 | 200 |      49.333µs |             ::1 | GET      "/api/result/ec2d1989-c000-4b67-80b0-14bbd62c29da"
[GIN] 2025/08/16 - 18:19:09 | 200 |      39.583µs |             ::1 | GET      "/api/result/ec2d1989-c000-4b67-80b0-14bbd62c29da"
[GIN] 2025/08/16 - 18:19:10 | 200 |      50.208µs |             ::1 | GET      "/api/result/ec2d1989-c000-4b67-80b0-14bbd62c29da"
[GIN] 2025/08/16 - 18:19:11 | 200 |      28.334µs |             ::1 | GET      "/api/result/ec2d1989-c000-4b67-80b0-14bbd62c29da"
[GIN] 2025/08/16 - 18:19:12 | 200 |          69µs |             ::1 | GET      "/api/result/ec2d1989-c000-4b67-80b0-14bbd62c29da"
[GIN] 2025/08/16 - 18:19:12 | 202 |      65.375µs |             ::1 | POST     "/api/verify"
[GIN] 2025/08/16 - 18:19:13 | 200 |      37.917µs |             ::1 | GET      "/api/result/d4cde821-eea4-4bcc-ba91-ea7bac3a7e59"
[GIN] 2025/08/16 - 18:19:14 | 200 |      24.042µs |             ::1 | GET      "/api/result/d4cde821-eea4-4bcc-ba91-ea7bac3a7e59"
[GIN] 2025/08/16 - 18:19:15 | 200 |       24.25µs |             ::1 | GET      "/api/result/d4cde821-eea4-4bcc-ba91-ea7bac3a7e59"
[GIN] 2025/08/16 - 18:19:16 | 200 |      27.667µs |             ::1 | GET      "/api/result/d4cde821-eea4-4bcc-ba91-ea7bac3a7e59"
[GIN] 2025/08/16 - 18:19:17 | 200 |      41.709µs |             ::1 | GET      "/api/result/d4cde821-eea4-4bcc-ba91-ea7bac3a7e59"
[GIN] 2025/08/16 - 18:19:18 | 200 |      53.166µs |             ::1 | GET      "/api/result/d4cde821-eea4-4bcc-ba91-ea7bac3a7e59"
[GIN] 2025/08/16 - 18:19:19 | 200 |      24.708µs |             ::1 | GET      "/api/result/d4cde821-eea4-4bcc-ba91-ea7bac3a7e59"
[GIN] 2025/08/16 - 18:19:20 | 200 |       30.25µs |             ::1 | GET      "/api/result/d4cde821-eea4-4bcc-ba91-ea7bac3a7e59"
[GIN] 2025/08/16 - 18:19:21 | 200 |      25.291µs |             ::1 | GET      "/api/result/d4cde821-eea4-4bcc-ba91-ea7bac3a7e59"
[GIN] 2025/08/16 - 18:19:22 | 200 |      29.208µs |             ::1 | GET      "/api/result/d4cde821-eea4-4bcc-ba91-ea7bac3a7e59"
[GIN] 2025/08/16 - 18:19:23 | 200 |      55.625µs |             ::1 | GET      "/api/result/d4cde821-eea4-4bcc-ba91-ea7bac3a7e59"
[GIN] 2025/08/16 - 18:19:24 | 200 |      37.125µs |             ::1 | GET      "/api/result/d4cde821-eea4-4bcc-ba91-ea7bac3a7e59"
[GIN] 2025/08/16 - 18:19:25 | 200 |      49.542µs |             ::1 | GET      "/api/result/d4cde821-eea4-4bcc-ba91-ea7bac3a7e59"
[GIN] 2025/08/16 - 18:19:26 | 200 |      41.042µs |             ::1 | GET      "/api/result/d4cde821-eea4-4bcc-ba91-ea7bac3a7e59"
[GIN] 2025/08/16 - 18:19:27 | 200 |      24.916µs |             ::1 | GET      "/api/result/d4cde821-eea4-4bcc-ba91-ea7bac3a7e59"
[GIN] 2025/08/16 - 18:19:28 | 200 |      25.416µs |             ::1 | GET      "/api/result/d4cde821-eea4-4bcc-ba91-ea7bac3a7e59"
[GIN] 2025/08/16 - 18:19:29 | 200 |      56.041µs |             ::1 | GET      "/api/result/d4cde821-eea4-4bcc-ba91-ea7bac3a7e59"
[GIN] 2025/08/16 - 18:19:30 | 200 |      26.125µs |             ::1 | GET      "/api/result/d4cde821-eea4-4bcc-ba91-ea7bac3a7e59"
[GIN] 2025/08/16 - 18:19:31 | 200 |      26.625µs |             ::1 | GET      "/api/result/d4cde821-eea4-4bcc-ba91-ea7bac3a7e59"
[GIN] 2025/08/16 - 18:19:32 | 200 |      38.041µs |             ::1 | GET      "/api/result/d4cde821-eea4-4bcc-ba91-ea7bac3a7e59"
[GIN] 2025/08/16 - 18:19:33 | 200 |        24.5µs |             ::1 | GET      "/api/result/d4cde821-eea4-4bcc-ba91-ea7bac3a7e59"
[GIN] 2025/08/16 - 18:19:34 | 200 |      38.167µs |             ::1 | GET      "/api/result/d4cde821-eea4-4bcc-ba91-ea7bac3a7e59"
[GIN] 2025/08/16 - 18:19:35 | 200 |      27.333µs |             ::1 | GET      "/api/result/d4cde821-eea4-4bcc-ba91-ea7bac3a7e59"
[GIN] 2025/08/16 - 18:19:36 | 200 |      23.292µs |             ::1 | GET      "/api/result/d4cde821-eea4-4bcc-ba91-ea7bac3a7e59"
[GIN] 2025/08/16 - 18:19:37 | 200 |      22.917µs |             ::1 | GET      "/api/result/d4cde821-eea4-4bcc-ba91-ea7bac3a7e59"
[GIN] 2025/08/16 - 18:19:38 | 200 |       41.25µs |             ::1 | GET      "/api/result/d4cde821-eea4-4bcc-ba91-ea7bac3a7e59"
[GIN] 2025/08/16 - 18:19:39 | 200 |      54.917µs |             ::1 | GET      "/api/result/d4cde821-eea4-4bcc-ba91-ea7bac3a7e59"
[GIN] 2025/08/16 - 18:19:40 | 200 |      27.167µs |             ::1 | GET      "/api/result/d4cde821-eea4-4bcc-ba91-ea7bac3a7e59"
[GIN] 2025/08/16 - 18:19:41 | 200 |      31.583µs |             ::1 | GET      "/api/result/d4cde821-eea4-4bcc-ba91-ea7bac3a7e59"
[GIN] 2025/08/16 - 18:19:42 | 200 |       39.75µs |             ::1 | GET      "/api/result/d4cde821-eea4-4bcc-ba91-ea7bac3a7e59"
[GIN] 2025/08/16 - 18:19:43 | 202 |      58.041µs |             ::1 | POST     "/api/verify"
[GIN] 2025/08/16 - 18:19:44 | 200 |      26.042µs |             ::1 | GET      "/api/result/92bf2c8f-41ec-4d61-94c7-3afec49d9a68"
[GIN] 2025/08/16 - 18:19:45 | 200 |      24.209µs |             ::1 | GET      "/api/result/92bf2c8f-41ec-4d61-94c7-3afec49d9a68"
[GIN] 2025/08/16 - 18:19:46 | 200 |      24.583µs |             ::1 | GET      "/api/result/92bf2c8f-41ec-4d61-94c7-3afec49d9a68"
[GIN] 2025/08/16 - 18:19:47 | 200 |      22.875µs |             ::1 | GET      "/api/result/92bf2c8f-41ec-4d61-94c7-3afec49d9a68"
[GIN] 2025/08/16 - 18:19:48 | 200 |      28.125µs |             ::1 | GET      "/api/result/92bf2c8f-41ec-4d61-94c7-3afec49d9a68"
[GIN] 2025/08/16 - 18:19:49 | 200 |      26.917µs |             ::1 | GET      "/api/result/92bf2c8f-41ec-4d61-94c7-3afec49d9a68"
[GIN] 2025/08/16 - 18:19:50 | 200 |      28.958µs |             ::1 | GET      "/api/result/92bf2c8f-41ec-4d61-94c7-3afec49d9a68"
[GIN] 2025/08/16 - 18:19:51 | 200 |      52.292µs |             ::1 | GET      "/api/result/92bf2c8f-41ec-4d61-94c7-3afec49d9a68"
[GIN] 2025/08/16 - 18:19:52 | 200 |      57.541µs |             ::1 | GET      "/api/result/92bf2c8f-41ec-4d61-94c7-3afec49d9a68"
[GIN] 2025/08/16 - 18:19:53 | 200 |      51.583µs |             ::1 | GET      "/api/result/92bf2c8f-41ec-4d61-94c7-3afec49d9a68"
[GIN] 2025/08/16 - 18:19:54 | 200 |      25.125µs |             ::1 | GET      "/api/result/92bf2c8f-41ec-4d61-94c7-3afec49d9a68"
[GIN] 2025/08/16 - 18:19:55 | 200 |      61.042µs |             ::1 | GET      "/api/result/92bf2c8f-41ec-4d61-94c7-3afec49d9a68"
[GIN] 2025/08/16 - 18:19:56 | 200 |      54.542µs |             ::1 | GET      "/api/result/92bf2c8f-41ec-4d61-94c7-3afec49d9a68"
[GIN] 2025/08/16 - 18:19:57 | 200 |      55.375µs |             ::1 | GET      "/api/result/92bf2c8f-41ec-4d61-94c7-3afec49d9a68"
[GIN] 2025/08/16 - 18:19:58 | 200 |      54.083µs |             ::1 | GET      "/api/result/92bf2c8f-41ec-4d61-94c7-3afec49d9a68"
[GIN] 2025/08/16 - 18:19:59 | 200 |      27.917µs |             ::1 | GET      "/api/result/92bf2c8f-41ec-4d61-94c7-3afec49d9a68"
[GIN] 2025/08/16 - 18:20:00 | 200 |      60.541µs |             ::1 | GET      "/api/result/92bf2c8f-41ec-4d61-94c7-3afec49d9a68"
[GIN] 2025/08/16 - 18:20:01 | 200 |      50.959µs |             ::1 | GET      "/api/result/92bf2c8f-41ec-4d61-94c7-3afec49d9a68"
[GIN] 2025/08/16 - 18:20:02 | 200 |      42.125µs |             ::1 | GET      "/api/result/92bf2c8f-41ec-4d61-94c7-3afec49d9a68"
[GIN] 2025/08/16 - 18:20:03 | 200 |      50.625µs |             ::1 | GET      "/api/result/92bf2c8f-41ec-4d61-94c7-3afec49d9a68"
[GIN] 2025/08/16 - 18:20:04 | 200 |      53.458µs |             ::1 | GET      "/api/result/92bf2c8f-41ec-4d61-94c7-3afec49d9a68"
[GIN] 2025/08/16 - 18:20:05 | 200 |      53.833µs |             ::1 | GET      "/api/result/92bf2c8f-41ec-4d61-94c7-3afec49d9a68"
[GIN] 2025/08/16 - 18:20:06 | 200 |      65.333µs |             ::1 | GET      "/api/result/92bf2c8f-41ec-4d61-94c7-3afec49d9a68"
[GIN] 2025/08/16 - 18:20:07 | 200 |      54.125µs |             ::1 | GET      "/api/result/92bf2c8f-41ec-4d61-94c7-3afec49d9a68"
[GIN] 2025/08/16 - 18:20:08 | 200 |      55.792µs |             ::1 | GET      "/api/result/92bf2c8f-41ec-4d61-94c7-3afec49d9a68"
[GIN] 2025/08/16 - 18:20:09 | 200 |      54.875µs |             ::1 | GET      "/api/result/92bf2c8f-41ec-4d61-94c7-3afec49d9a68"
[GIN] 2025/08/16 - 18:20:10 | 200 |      64.709µs |             ::1 | GET      "/api/result/92bf2c8f-41ec-4d61-94c7-3afec49d9a68"
[GIN] 2025/08/16 - 18:20:11 | 200 |      55.583µs |             ::1 | GET      "/api/result/92bf2c8f-41ec-4d61-94c7-3afec49d9a68"
[GIN] 2025/08/16 - 18:20:12 | 200 |      58.292µs |             ::1 | GET      "/api/result/92bf2c8f-41ec-4d61-94c7-3afec49d9a68"
[GIN] 2025/08/16 - 18:20:13 | 200 |      83.584µs |             ::1 | GET      "/api/result/92bf2c8f-41ec-4d61-94c7-3afec49d9a68"
[GIN] 2025/08/16 - 18:20:13 | 202 |      62.166µs |             ::1 | POST     "/api/verify"
[GIN] 2025/08/16 - 18:20:14 | 200 |      53.917µs |             ::1 | GET      "/api/result/4f947126-9bd2-4c1f-8660-6e9a49b928c3"
[GIN] 2025/08/16 - 18:20:15 | 200 |       33.25µs |             ::1 | GET      "/api/result/4f947126-9bd2-4c1f-8660-6e9a49b928c3"
[GIN] 2025/08/16 - 18:20:16 | 200 |      43.666µs |             ::1 | GET      "/api/result/4f947126-9bd2-4c1f-8660-6e9a49b928c3"
[GIN] 2025/08/16 - 18:20:17 | 200 |      52.292µs |             ::1 | GET      "/api/result/4f947126-9bd2-4c1f-8660-6e9a49b928c3"
[GIN] 2025/08/16 - 18:20:18 | 200 |      58.875µs |             ::1 | GET      "/api/result/4f947126-9bd2-4c1f-8660-6e9a49b928c3"
[GIN] 2025/08/16 - 18:20:20 | 200 |      32.542µs |             ::1 | GET      "/api/result/4f947126-9bd2-4c1f-8660-6e9a49b928c3"
[GIN] 2025/08/16 - 18:20:21 | 200 |      41.542µs |             ::1 | GET      "/api/result/4f947126-9bd2-4c1f-8660-6e9a49b928c3"
[GIN] 2025/08/16 - 18:20:22 | 200 |      24.667µs |             ::1 | GET      "/api/result/4f947126-9bd2-4c1f-8660-6e9a49b928c3"
[GIN] 2025/08/16 - 18:20:23 | 200 |      41.541µs |             ::1 | GET      "/api/result/4f947126-9bd2-4c1f-8660-6e9a49b928c3"
[GIN] 2025/08/16 - 18:20:24 | 200 |      34.666µs |             ::1 | GET      "/api/result/4f947126-9bd2-4c1f-8660-6e9a49b928c3"
[GIN] 2025/08/16 - 18:20:25 | 200 |      33.584µs |             ::1 | GET      "/api/result/4f947126-9bd2-4c1f-8660-6e9a49b928c3"
[GIN] 2025/08/16 - 18:20:26 | 200 |      37.833µs |             ::1 | GET      "/api/result/4f947126-9bd2-4c1f-8660-6e9a49b928c3"
[GIN] 2025/08/16 - 18:20:27 | 200 |      23.583µs |             ::1 | GET      "/api/result/4f947126-9bd2-4c1f-8660-6e9a49b928c3"
[GIN] 2025/08/16 - 18:20:28 | 200 |      27.791µs |             ::1 | GET      "/api/result/4f947126-9bd2-4c1f-8660-6e9a49b928c3"
[GIN] 2025/08/16 - 18:20:29 | 200 |      23.959µs |             ::1 | GET      "/api/result/4f947126-9bd2-4c1f-8660-6e9a49b928c3"
[GIN] 2025/08/16 - 18:20:30 | 200 |        38.5µs |             ::1 | GET      "/api/result/4f947126-9bd2-4c1f-8660-6e9a49b928c3"
[GIN] 2025/08/16 - 18:20:31 | 200 |      30.208µs |             ::1 | GET      "/api/result/4f947126-9bd2-4c1f-8660-6e9a49b928c3"
[GIN] 2025/08/16 - 18:20:32 | 200 |      24.667µs |             ::1 | GET      "/api/result/4f947126-9bd2-4c1f-8660-6e9a49b928c3"
[GIN] 2025/08/16 - 18:20:33 | 200 |      51.917µs |             ::1 | GET      "/api/result/4f947126-9bd2-4c1f-8660-6e9a49b928c3"
[GIN] 2025/08/16 - 18:20:34 | 200 |      24.084µs |             ::1 | GET      "/api/result/4f947126-9bd2-4c1f-8660-6e9a49b928c3"
[GIN] 2025/08/16 - 18:20:35 | 200 |      24.833µs |             ::1 | GET      "/api/result/4f947126-9bd2-4c1f-8660-6e9a49b928c3"
[GIN] 2025/08/16 - 18:20:36 | 200 |      44.125µs |             ::1 | GET      "/api/result/4f947126-9bd2-4c1f-8660-6e9a49b928c3"
[GIN] 2025/08/16 - 18:20:37 | 200 |      60.292µs |             ::1 | GET      "/api/result/4f947126-9bd2-4c1f-8660-6e9a49b928c3"
[GIN] 2025/08/16 - 18:20:38 | 200 |          26µs |             ::1 | GET      "/api/result/4f947126-9bd2-4c1f-8660-6e9a49b928c3"
[GIN] 2025/08/16 - 18:20:39 | 200 |       45.75µs |             ::1 | GET      "/api/result/4f947126-9bd2-4c1f-8660-6e9a49b928c3"
[GIN] 2025/08/16 - 18:20:40 | 200 |      35.875µs |             ::1 | GET      "/api/result/4f947126-9bd2-4c1f-8660-6e9a49b928c3"
[GIN] 2025/08/16 - 18:20:41 | 200 |       24.75µs |             ::1 | GET      "/api/result/4f947126-9bd2-4c1f-8660-6e9a49b928c3"
[GIN] 2025/08/16 - 18:20:42 | 200 |      38.666µs |             ::1 | GET      "/api/result/4f947126-9bd2-4c1f-8660-6e9a49b928c3"
[GIN] 2025/08/16 - 18:20:43 | 200 |      67.291µs |             ::1 | GET      "/api/result/4f947126-9bd2-4c1f-8660-6e9a49b928c3"
[GIN] 2025/08/16 - 18:20:44 | 200 |      26.875µs |             ::1 | GET      "/api/result/4f947126-9bd2-4c1f-8660-6e9a49b928c3"
[GIN] 2025/08/16 - 18:20:44 | 202 |       46.25µs |             ::1 | POST     "/api/verify"
[GIN] 2025/08/16 - 18:20:45 | 200 |       23.75µs |             ::1 | GET      "/api/result/cb45eea7-f10a-4635-8f3e-0c02ddd7c019"
[GIN] 2025/08/16 - 18:20:46 | 200 |      23.416µs |             ::1 | GET      "/api/result/cb45eea7-f10a-4635-8f3e-0c02ddd7c019"
[GIN] 2025/08/16 - 18:20:47 | 200 |      23.583µs |             ::1 | GET      "/api/result/cb45eea7-f10a-4635-8f3e-0c02ddd7c019"
[GIN] 2025/08/16 - 18:20:48 | 200 |      24.334µs |             ::1 | GET      "/api/result/cb45eea7-f10a-4635-8f3e-0c02ddd7c019"
[GIN] 2025/08/16 - 18:20:49 | 200 |      23.166µs |             ::1 | GET      "/api/result/cb45eea7-f10a-4635-8f3e-0c02ddd7c019"
[GIN] 2025/08/16 - 18:20:50 | 200 |      26.209µs |             ::1 | GET      "/api/result/cb45eea7-f10a-4635-8f3e-0c02ddd7c019"
[GIN] 2025/08/16 - 18:20:51 | 200 |      23.625µs |             ::1 | GET      "/api/result/cb45eea7-f10a-4635-8f3e-0c02ddd7c019"
[GIN] 2025/08/16 - 18:20:52 | 200 |        56.5µs |             ::1 | GET      "/api/result/cb45eea7-f10a-4635-8f3e-0c02ddd7c019"
[GIN] 2025/08/16 - 18:20:53 | 200 |      27.542µs |             ::1 | GET      "/api/result/cb45eea7-f10a-4635-8f3e-0c02ddd7c019"
[GIN] 2025/08/16 - 18:20:54 | 200 |      39.209µs |             ::1 | GET      "/api/result/cb45eea7-f10a-4635-8f3e-0c02ddd7c019"
[GIN] 2025/08/16 - 18:20:55 | 200 |      31.042µs |             ::1 | GET      "/api/result/cb45eea7-f10a-4635-8f3e-0c02ddd7c019"
[GIN] 2025/08/16 - 18:20:56 | 200 |      54.791µs |             ::1 | GET      "/api/result/cb45eea7-f10a-4635-8f3e-0c02ddd7c019"
[GIN] 2025/08/16 - 18:20:57 | 200 |      32.708µs |             ::1 | GET      "/api/result/cb45eea7-f10a-4635-8f3e-0c02ddd7c019"
[GIN] 2025/08/16 - 18:20:58 | 200 |      54.167µs |             ::1 | GET      "/api/result/cb45eea7-f10a-4635-8f3e-0c02ddd7c019"
[GIN] 2025/08/16 - 18:20:59 | 200 |      57.334µs |             ::1 | GET      "/api/result/cb45eea7-f10a-4635-8f3e-0c02ddd7c019"
[GIN] 2025/08/16 - 18:21:00 | 200 |          25µs |             ::1 | GET      "/api/result/cb45eea7-f10a-4635-8f3e-0c02ddd7c019"
[GIN] 2025/08/16 - 18:21:01 | 200 |      44.208µs |             ::1 | GET      "/api/result/cb45eea7-f10a-4635-8f3e-0c02ddd7c019"
[GIN] 2025/08/16 - 18:21:03 | 200 |      26.041µs |             ::1 | GET      "/api/result/cb45eea7-f10a-4635-8f3e-0c02ddd7c019"
[GIN] 2025/08/16 - 18:21:04 | 200 |        56.5µs |             ::1 | GET      "/api/result/cb45eea7-f10a-4635-8f3e-0c02ddd7c019"
[GIN] 2025/08/16 - 18:21:05 | 200 |      53.875µs |             ::1 | GET      "/api/result/cb45eea7-f10a-4635-8f3e-0c02ddd7c019"
[GIN] 2025/08/16 - 18:21:06 | 200 |      56.666µs |             ::1 | GET      "/api/result/cb45eea7-f10a-4635-8f3e-0c02ddd7c019"
[GIN] 2025/08/16 - 18:21:07 | 200 |      54.459µs |             ::1 | GET      "/api/result/cb45eea7-f10a-4635-8f3e-0c02ddd7c019"
[GIN] 2025/08/16 - 18:21:08 | 200 |        57.5µs |             ::1 | GET      "/api/result/cb45eea7-f10a-4635-8f3e-0c02ddd7c019"
[GIN] 2025/08/16 - 18:21:09 | 200 |        44.5µs |             ::1 | GET      "/api/result/cb45eea7-f10a-4635-8f3e-0c02ddd7c019"
[GIN] 2025/08/16 - 18:21:10 | 200 |      69.125µs |             ::1 | GET      "/api/result/cb45eea7-f10a-4635-8f3e-0c02ddd7c019"
[GIN] 2025/08/16 - 18:21:11 | 200 |      43.333µs |             ::1 | GET      "/api/result/cb45eea7-f10a-4635-8f3e-0c02ddd7c019"
[GIN] 2025/08/16 - 18:21:12 | 200 |      32.084µs |             ::1 | GET      "/api/result/cb45eea7-f10a-4635-8f3e-0c02ddd7c019"
[GIN] 2025/08/16 - 18:21:13 | 200 |      30.375µs |             ::1 | GET      "/api/result/cb45eea7-f10a-4635-8f3e-0c02ddd7c019"
[GIN] 2025/08/16 - 18:21:14 | 200 |      54.625µs |             ::1 | GET      "/api/result/cb45eea7-f10a-4635-8f3e-0c02ddd7c019"
[GIN] 2025/08/16 - 18:21:15 | 200 |      62.792µs |             ::1 | GET      "/api/result/cb45eea7-f10a-4635-8f3e-0c02ddd7c019"
[GIN] 2025/08/16 - 18:21:15 | 202 |       47.25µs |             ::1 | POST     "/api/verify"
[GIN] 2025/08/16 - 18:21:16 | 200 |        32.5µs |             ::1 | GET      "/api/result/61dbcd01-d173-49a3-962b-f2120e087c50"
[GIN] 2025/08/16 - 18:21:17 | 200 |       33.25µs |             ::1 | GET      "/api/result/61dbcd01-d173-49a3-962b-f2120e087c50"
[GIN] 2025/08/16 - 18:21:18 | 200 |       56.75µs |             ::1 | GET      "/api/result/61dbcd01-d173-49a3-962b-f2120e087c50"
[GIN] 2025/08/16 - 18:21:19 | 200 |      55.417µs |             ::1 | GET      "/api/result/61dbcd01-d173-49a3-962b-f2120e087c50"
[GIN] 2025/08/16 - 18:21:20 | 200 |      44.333µs |             ::1 | GET      "/api/result/61dbcd01-d173-49a3-962b-f2120e087c50"
[GIN] 2025/08/16 - 18:21:21 | 200 |      31.083µs |             ::1 | GET      "/api/result/61dbcd01-d173-49a3-962b-f2120e087c50"
[GIN] 2025/08/16 - 18:21:22 | 200 |          54µs |             ::1 | GET      "/api/result/61dbcd01-d173-49a3-962b-f2120e087c50"
[GIN] 2025/08/16 - 18:21:23 | 200 |          54µs |             ::1 | GET      "/api/result/61dbcd01-d173-49a3-962b-f2120e087c50"
[GIN] 2025/08/16 - 18:21:24 | 200 |        55.5µs |             ::1 | GET      "/api/result/61dbcd01-d173-49a3-962b-f2120e087c50"
[GIN] 2025/08/16 - 18:21:25 | 200 |      56.167µs |             ::1 | GET      "/api/result/61dbcd01-d173-49a3-962b-f2120e087c50"
[GIN] 2025/08/16 - 18:21:26 | 200 |      34.625µs |             ::1 | GET      "/api/result/61dbcd01-d173-49a3-962b-f2120e087c50"
[GIN] 2025/08/16 - 18:21:27 | 200 |      54.792µs |             ::1 | GET      "/api/result/61dbcd01-d173-49a3-962b-f2120e087c50"
[GIN] 2025/08/16 - 18:21:28 | 200 |      44.583µs |             ::1 | GET      "/api/result/61dbcd01-d173-49a3-962b-f2120e087c50"
[GIN] 2025/08/16 - 18:21:29 | 200 |      54.875µs |             ::1 | GET      "/api/result/61dbcd01-d173-49a3-962b-f2120e087c50"
[GIN] 2025/08/16 - 18:21:30 | 200 |          58µs |             ::1 | GET      "/api/result/61dbcd01-d173-49a3-962b-f2120e087c50"
[GIN] 2025/08/16 - 18:21:31 | 200 |      57.916µs |             ::1 | GET      "/api/result/61dbcd01-d173-49a3-962b-f2120e087c50"
[GIN] 2025/08/16 - 18:21:32 | 200 |      61.375µs |             ::1 | GET      "/api/result/61dbcd01-d173-49a3-962b-f2120e087c50"
[GIN] 2025/08/16 - 18:21:33 | 200 |      53.291µs |             ::1 | GET      "/api/result/61dbcd01-d173-49a3-962b-f2120e087c50"
[GIN] 2025/08/16 - 18:21:34 | 200 |      25.208µs |             ::1 | GET      "/api/result/61dbcd01-d173-49a3-962b-f2120e087c50"
[GIN] 2025/08/16 - 18:21:35 | 200 |      56.916µs |             ::1 | GET      "/api/result/61dbcd01-d173-49a3-962b-f2120e087c50"
[GIN] 2025/08/16 - 18:21:37 | 200 |      28.375µs |             ::1 | GET      "/api/result/61dbcd01-d173-49a3-962b-f2120e087c50"
[GIN] 2025/08/16 - 18:21:38 | 200 |        52.5µs |             ::1 | GET      "/api/result/61dbcd01-d173-49a3-962b-f2120e087c50"
[GIN] 2025/08/16 - 18:21:39 | 200 |      26.041µs |             ::1 | GET      "/api/result/61dbcd01-d173-49a3-962b-f2120e087c50"
[GIN] 2025/08/16 - 18:21:40 | 200 |      55.333µs |             ::1 | GET      "/api/result/61dbcd01-d173-49a3-962b-f2120e087c50"
[GIN] 2025/08/16 - 18:21:41 | 200 |          31µs |             ::1 | GET      "/api/result/61dbcd01-d173-49a3-962b-f2120e087c50"
[GIN] 2025/08/16 - 18:21:42 | 200 |      81.541µs |             ::1 | GET      "/api/result/61dbcd01-d173-49a3-962b-f2120e087c50"
[GIN] 2025/08/16 - 18:21:43 | 200 |      24.583µs |             ::1 | GET      "/api/result/61dbcd01-d173-49a3-962b-f2120e087c50"
[GIN] 2025/08/16 - 18:21:44 | 200 |      56.083µs |             ::1 | GET      "/api/result/61dbcd01-d173-49a3-962b-f2120e087c50"
[GIN] 2025/08/16 - 18:21:45 | 200 |      36.458µs |             ::1 | GET      "/api/result/61dbcd01-d173-49a3-962b-f2120e087c50"
[GIN] 2025/08/16 - 18:21:46 | 200 |          54µs |             ::1 | GET      "/api/result/61dbcd01-d173-49a3-962b-f2120e087c50"
[GIN] 2025/08/16 - 18:21:46 | 202 |      97.917µs |             ::1 | POST     "/api/verify"
[GIN] 2025/08/16 - 18:21:47 | 200 |      36.667µs |             ::1 | GET      "/api/result/868bad39-9fd2-4b99-8a68-f83b6f3b5a54"
[GIN] 2025/08/16 - 18:21:48 | 200 |      45.709µs |             ::1 | GET      "/api/result/868bad39-9fd2-4b99-8a68-f83b6f3b5a54"
[GIN] 2025/08/16 - 18:21:49 | 200 |      42.167µs |             ::1 | GET      "/api/result/868bad39-9fd2-4b99-8a68-f83b6f3b5a54"
[GIN] 2025/08/16 - 18:21:50 | 200 |      54.958µs |             ::1 | GET      "/api/result/868bad39-9fd2-4b99-8a68-f83b6f3b5a54"
[GIN] 2025/08/16 - 18:21:51 | 200 |      39.417µs |             ::1 | GET      "/api/result/868bad39-9fd2-4b99-8a68-f83b6f3b5a54"
[GIN] 2025/08/16 - 18:21:52 | 200 |      32.083µs |             ::1 | GET      "/api/result/868bad39-9fd2-4b99-8a68-f83b6f3b5a54"
[GIN] 2025/08/16 - 18:21:53 | 200 |      42.375µs |             ::1 | GET      "/api/result/868bad39-9fd2-4b99-8a68-f83b6f3b5a54"
[GIN] 2025/08/16 - 18:21:54 | 200 |      54.792µs |             ::1 | GET      "/api/result/868bad39-9fd2-4b99-8a68-f83b6f3b5a54"
[GIN] 2025/08/16 - 18:21:55 | 200 |      56.167µs |             ::1 | GET      "/api/result/868bad39-9fd2-4b99-8a68-f83b6f3b5a54"
[GIN] 2025/08/16 - 18:21:56 | 200 |      62.542µs |             ::1 | GET      "/api/result/868bad39-9fd2-4b99-8a68-f83b6f3b5a54"
[GIN] 2025/08/16 - 18:21:57 | 200 |        62.5µs |             ::1 | GET      "/api/result/868bad39-9fd2-4b99-8a68-f83b6f3b5a54"
[GIN] 2025/08/16 - 18:21:58 | 200 |      38.042µs |             ::1 | GET      "/api/result/868bad39-9fd2-4b99-8a68-f83b6f3b5a54"
[GIN] 2025/08/16 - 18:21:59 | 200 |          78µs |             ::1 | GET      "/api/result/868bad39-9fd2-4b99-8a68-f83b6f3b5a54"
[GIN] 2025/08/16 - 18:22:00 | 200 |      33.666µs |             ::1 | GET      "/api/result/868bad39-9fd2-4b99-8a68-f83b6f3b5a54"
[GIN] 2025/08/16 - 18:22:01 | 200 |      56.875µs |             ::1 | GET      "/api/result/868bad39-9fd2-4b99-8a68-f83b6f3b5a54"
[GIN] 2025/08/16 - 18:22:02 | 200 |      36.209µs |             ::1 | GET      "/api/result/868bad39-9fd2-4b99-8a68-f83b6f3b5a54"
[GIN] 2025/08/16 - 18:22:03 | 200 |      53.292µs |             ::1 | GET      "/api/result/868bad39-9fd2-4b99-8a68-f83b6f3b5a54"
[GIN] 2025/08/16 - 18:22:04 | 200 |       40.25µs |             ::1 | GET      "/api/result/868bad39-9fd2-4b99-8a68-f83b6f3b5a54"
[GIN] 2025/08/16 - 18:22:05 | 200 |      51.042µs |             ::1 | GET      "/api/result/868bad39-9fd2-4b99-8a68-f83b6f3b5a54"
[GIN] 2025/08/16 - 18:22:06 | 200 |          33µs |             ::1 | GET      "/api/result/868bad39-9fd2-4b99-8a68-f83b6f3b5a54"
[GIN] 2025/08/16 - 18:22:07 | 200 |      54.458µs |             ::1 | GET      "/api/result/868bad39-9fd2-4b99-8a68-f83b6f3b5a54"
[GIN] 2025/08/16 - 18:22:08 | 200 |       80.75µs |             ::1 | GET      "/api/result/868bad39-9fd2-4b99-8a68-f83b6f3b5a54"
[GIN] 2025/08/16 - 18:22:09 | 200 |      26.041µs |             ::1 | GET      "/api/result/868bad39-9fd2-4b99-8a68-f83b6f3b5a54"
[GIN] 2025/08/16 - 18:22:10 | 200 |      54.208µs |             ::1 | GET      "/api/result/868bad39-9fd2-4b99-8a68-f83b6f3b5a54"
[GIN] 2025/08/16 - 18:22:12 | 200 |      55.042µs |             ::1 | GET      "/api/result/868bad39-9fd2-4b99-8a68-f83b6f3b5a54"
[GIN] 2025/08/16 - 18:22:13 | 200 |      56.292µs |             ::1 | GET      "/api/result/868bad39-9fd2-4b99-8a68-f83b6f3b5a54"
[GIN] 2025/08/16 - 18:22:14 | 200 |      40.542µs |             ::1 | GET      "/api/result/868bad39-9fd2-4b99-8a68-f83b6f3b5a54"
[GIN] 2025/08/16 - 18:22:15 | 200 |      54.084µs |             ::1 | GET      "/api/result/868bad39-9fd2-4b99-8a68-f83b6f3b5a54"
[GIN] 2025/08/16 - 18:22:16 | 200 |      59.417µs |             ::1 | GET      "/api/result/868bad39-9fd2-4b99-8a68-f83b6f3b5a54"
[GIN] 2025/08/16 - 18:22:17 | 200 |          30µs |             ::1 | GET      "/api/result/868bad39-9fd2-4b99-8a68-f83b6f3b5a54"
[GIN] 2025/08/16 - 18:22:28 | 200 |       23.75µs |             ::1 | GET      "/api/result/868bad39-9fd2-4b99-8a68-f83b6f3b5a54"
